2018-08-17 21:07:16.010  INFO 11256 --- [main] com.cier.girl.GirlApplication            : Starting GirlApplication on cier-pc with PID 11256 (E:\IdeaProjects\girl\target\classes started by cier in E:\IdeaProjects\girl)
2018-08-17 21:07:16.012  INFO 11256 --- [main] com.cier.girl.GirlApplication            : The following profiles are active: dev
2018-08-17 21:07:16.842  INFO 11256 --- [main] ationConfigEmbeddedWebApplicationContext : Refreshing org.springframework.boot.context.embedded.AnnotationConfigEmbeddedWebApplicationContext@3f270e0a: startup date [Fri Aug 17 21:07:16 CST 2018]; root of context hierarchy
2018-08-17 21:07:18.617  INFO 11256 --- [main] trationDelegate$BeanPostProcessorChecker : Bean 'org.springframework.transaction.annotation.ProxyTransactionManagementConfiguration' of type [org.springframework.transaction.annotation.ProxyTransactionManagementConfiguration$$EnhancerBySpringCGLIB$$b280a72c] is not eligible for getting processed by all BeanPostProcessors (for example: not eligible for auto-proxying)
2018-08-17 21:07:19.332  INFO 11256 --- [main] s.b.c.e.t.TomcatEmbeddedServletContainer : Tomcat initialized with port(s): 8080 (http)
2018-08-17 21:07:19.372  INFO 11256 --- [main] o.apache.catalina.core.StandardService   : Starting service [Tomcat]
2018-08-17 21:07:19.372  INFO 11256 --- [main] org.apache.catalina.core.StandardEngine  : Starting Servlet Engine: Apache Tomcat/8.5.31
2018-08-17 21:07:19.566  INFO 11256 --- [localhost-startStop-1] o.a.c.c.C.[Tomcat].[localhost].[/]       : Initializing Spring embedded WebApplicationContext
2018-08-17 21:07:19.566  INFO 11256 --- [localhost-startStop-1] o.s.web.context.ContextLoader            : Root WebApplicationContext: initialization completed in 2724 ms
2018-08-17 21:07:19.761  INFO 11256 --- [localhost-startStop-1] o.s.b.w.servlet.ServletRegistrationBean  : Mapping servlet: 'dispatcherServlet' to [/]
2018-08-17 21:07:19.766  INFO 11256 --- [localhost-startStop-1] o.s.b.w.servlet.FilterRegistrationBean   : Mapping filter: 'characterEncodingFilter' to: [/*]
2018-08-17 21:07:19.767  INFO 11256 --- [localhost-startStop-1] o.s.b.w.servlet.FilterRegistrationBean   : Mapping filter: 'hiddenHttpMethodFilter' to: [/*]
2018-08-17 21:07:19.767  INFO 11256 --- [localhost-startStop-1] o.s.b.w.servlet.FilterRegistrationBean   : Mapping filter: 'httpPutFormContentFilter' to: [/*]
2018-08-17 21:07:19.767  INFO 11256 --- [localhost-startStop-1] o.s.b.w.servlet.FilterRegistrationBean   : Mapping filter: 'requestContextFilter' to: [/*]
2018-08-17 21:07:21.206  INFO 11256 --- [main] j.LocalContainerEntityManagerFactoryBean : Building JPA container EntityManagerFactory for persistence unit 'default'
2018-08-17 21:07:21.230  INFO 11256 --- [main] o.hibernate.jpa.internal.util.LogHelper  : HHH000204: Processing PersistenceUnitInfo [
	name: default
	...]
2018-08-17 21:07:21.539  INFO 11256 --- [main] org.hibernate.Version                    : HHH000412: Hibernate Core {5.0.12.Final}
2018-08-17 21:07:21.542  INFO 11256 --- [main] org.hibernate.cfg.Environment            : HHH000206: hibernate.properties not found
2018-08-17 21:07:21.547  INFO 11256 --- [main] org.hibernate.cfg.Environment            : HHH000021: Bytecode provider name : javassist
2018-08-17 21:07:21.688  INFO 11256 --- [main] o.hibernate.annotations.common.Version   : HCANN000001: Hibernate Commons Annotations {5.0.1.Final}
2018-08-17 21:07:22.314  INFO 11256 --- [main] org.hibernate.dialect.Dialect            : HHH000400: Using dialect: org.hibernate.dialect.MySQL5Dialect
2018-08-17 21:07:23.124  INFO 11256 --- [main] org.hibernate.tool.hbm2ddl.SchemaUpdate  : HHH000228: Running hbm2ddl schema update
2018-08-17 21:07:23.221  INFO 11256 --- [main] j.LocalContainerEntityManagerFactoryBean : Initialized JPA EntityManagerFactory for persistence unit 'default'
2018-08-17 21:07:24.422  INFO 11256 --- [main] s.w.s.m.m.a.RequestMappingHandlerAdapter : Looking for @ControllerAdvice: org.springframework.boot.context.embedded.AnnotationConfigEmbeddedWebApplicationContext@3f270e0a: startup date [Fri Aug 17 21:07:16 CST 2018]; root of context hierarchy
2018-08-17 21:07:24.534  INFO 11256 --- [main] s.w.s.m.m.a.RequestMappingHandlerMapping : Mapped "{[/girls],methods=[GET]}" onto public java.util.List<com.cier.girl.pojo.Girl> com.cier.girl.controller.GirlController.getGirlList()
2018-08-17 21:07:24.539  INFO 11256 --- [main] s.w.s.m.m.a.RequestMappingHandlerMapping : Mapped "{[/girls],methods=[POST]}" onto public com.cier.girl.pojo.Result<com.cier.girl.pojo.Girl> com.cier.girl.controller.GirlController.girlAdd(com.cier.girl.pojo.Girl,org.springframework.validation.BindingResult)
2018-08-17 21:07:24.542  INFO 11256 --- [main] s.w.s.m.m.a.RequestMappingHandlerMapping : Mapped "{[/girls/{id}],methods=[GET]}" onto public com.cier.girl.pojo.Girl com.cier.girl.controller.GirlController.findGirl(java.lang.Integer)
2018-08-17 21:07:24.545  INFO 11256 --- [main] s.w.s.m.m.a.RequestMappingHandlerMapping : Mapped "{[/girls/{id}],methods=[PUT]}" onto public com.cier.girl.pojo.Girl com.cier.girl.controller.GirlController.updateGirl(java.lang.Integer,java.lang.String,java.lang.Integer)
2018-08-17 21:07:24.546  INFO 11256 --- [main] s.w.s.m.m.a.RequestMappingHandlerMapping : Mapped "{[/girls/{id}],methods=[DELETE]}" onto public void com.cier.girl.controller.GirlController.deleteGirl(java.lang.Integer)
2018-08-17 21:07:24.546  INFO 11256 --- [main] s.w.s.m.m.a.RequestMappingHandlerMapping : Mapped "{[/girls/age/{age}],methods=[GET]}" onto public java.util.List<com.cier.girl.pojo.Girl> com.cier.girl.controller.GirlController.findGirlByAge(java.lang.Integer)
2018-08-17 21:07:24.546  INFO 11256 --- [main] s.w.s.m.m.a.RequestMappingHandlerMapping : Mapped "{[/girls/two],methods=[POST]}" onto public void com.cier.girl.controller.GirlController.insertTwo()
2018-08-17 21:07:24.547  INFO 11256 --- [main] s.w.s.m.m.a.RequestMappingHandlerMapping : Mapped "{[/girls/get_age/{id}],methods=[GET]}" onto public void com.cier.girl.controller.GirlController.getAge(java.lang.Integer) throws java.lang.Exception
2018-08-17 21:07:24.548  INFO 11256 --- [main] s.w.s.m.m.a.RequestMappingHandlerMapping : Mapped "{[/hello],methods=[GET]}" onto public java.lang.String com.cier.girl.controller.HelloController.say(org.springframework.ui.ModelMap)
2018-08-17 21:07:24.549  INFO 11256 --- [main] s.w.s.m.m.a.RequestMappingHandlerMapping : Mapped "{[/{id}/say],methods=[GET]}" onto public java.lang.String com.cier.girl.controller.HelloController.sayHello(java.lang.Integer)
2018-08-17 21:07:24.549  INFO 11256 --- [main] s.w.s.m.m.a.RequestMappingHandlerMapping : Mapped "{[/say1],methods=[GET]}" onto public java.lang.String com.cier.girl.controller.HelloController.sayValue1(java.lang.Integer)
2018-08-17 21:07:24.550  INFO 11256 --- [main] s.w.s.m.m.a.RequestMappingHandlerMapping : Mapped "{[/say2],methods=[GET]}" onto public java.lang.String com.cier.girl.controller.HelloController.sayValue2(java.lang.Integer)
2018-08-17 21:07:24.550  INFO 11256 --- [main] s.w.s.m.m.a.RequestMappingHandlerMapping : Mapped "{[/say3],methods=[GET]}" onto public java.lang.String com.cier.girl.controller.HelloController.sayValue3(java.lang.Integer)
2018-08-17 21:07:24.551  INFO 11256 --- [main] s.w.s.m.m.a.RequestMappingHandlerMapping : Mapped "{[/in]}" onto public java.lang.String com.cier.girl.controller.ViewController.index()
2018-08-17 21:07:24.554  INFO 11256 --- [main] s.w.s.m.m.a.RequestMappingHandlerMapping : Mapped "{[/error]}" onto public org.springframework.http.ResponseEntity<java.util.Map<java.lang.String, java.lang.Object>> org.springframework.boot.autoconfigure.web.BasicErrorController.error(javax.servlet.http.HttpServletRequest)
2018-08-17 21:07:24.555  INFO 11256 --- [main] s.w.s.m.m.a.RequestMappingHandlerMapping : Mapped "{[/error],produces=[text/html]}" onto public org.springframework.web.servlet.ModelAndView org.springframework.boot.autoconfigure.web.BasicErrorController.errorHtml(javax.servlet.http.HttpServletRequest,javax.servlet.http.HttpServletResponse)
2018-08-17 21:07:24.596  INFO 11256 --- [main] o.s.w.s.handler.SimpleUrlHandlerMapping  : Mapped URL path [/webjars/**] onto handler of type [class org.springframework.web.servlet.resource.ResourceHttpRequestHandler]
2018-08-17 21:07:24.597  INFO 11256 --- [main] o.s.w.s.handler.SimpleUrlHandlerMapping  : Mapped URL path [/**] onto handler of type [class org.springframework.web.servlet.resource.ResourceHttpRequestHandler]
2018-08-17 21:07:24.618  INFO 11256 --- [main] .m.m.a.ExceptionHandlerExceptionResolver : Detected @ExceptionHandler methods in exceptionHandle
2018-08-17 21:07:24.659  INFO 11256 --- [main] o.s.w.s.handler.SimpleUrlHandlerMapping  : Mapped URL path [/**/favicon.ico] onto handler of type [class org.springframework.web.servlet.resource.ResourceHttpRequestHandler]
2018-08-17 21:07:25.464  INFO 11256 --- [main] o.s.b.d.a.OptionalLiveReloadServer       : LiveReload server is running on port 35729
2018-08-17 21:07:25.538  INFO 11256 --- [main] o.s.j.e.a.AnnotationMBeanExporter        : Registering beans for JMX exposure on startup
2018-08-17 21:07:25.618  INFO 11256 --- [main] s.b.c.e.t.TomcatEmbeddedServletContainer : Tomcat started on port(s): 8080 (http)
2018-08-17 21:07:25.626  INFO 11256 --- [main] com.cier.girl.GirlApplication            : Started GirlApplication in 10.764 seconds (JVM running for 17.321)
2018-08-17 21:07:33.925  INFO 11256 --- [http-nio-8080-exec-1] o.a.c.c.C.[Tomcat].[localhost].[/]       : Initializing Spring FrameworkServlet 'dispatcherServlet'
2018-08-17 21:07:33.925  INFO 11256 --- [http-nio-8080-exec-1] o.s.web.servlet.DispatcherServlet        : FrameworkServlet 'dispatcherServlet': initialization started
2018-08-17 21:07:33.948  INFO 11256 --- [http-nio-8080-exec-1] o.s.web.servlet.DispatcherServlet        : FrameworkServlet 'dispatcherServlet': initialization completed in 23 ms
2018-08-18 10:01:03.405  INFO 20144 --- [main] com.cier.girl.GirlApplication            : Starting GirlApplication on cier-pc with PID 20144 (E:\IdeaProjects\girl\target\classes started by cier in E:\IdeaProjects\girl)
2018-08-18 10:01:03.427  INFO 20144 --- [main] com.cier.girl.GirlApplication            : The following profiles are active: dev
2018-08-18 10:01:04.705  INFO 20144 --- [main] ationConfigEmbeddedWebApplicationContext : Refreshing org.springframework.boot.context.embedded.AnnotationConfigEmbeddedWebApplicationContext@2dd29a59: startup date [Sat Aug 18 10:01:04 CST 2018]; root of context hierarchy
2018-08-18 10:01:12.134  INFO 20144 --- [main] trationDelegate$BeanPostProcessorChecker : Bean 'org.springframework.transaction.annotation.ProxyTransactionManagementConfiguration' of type [org.springframework.transaction.annotation.ProxyTransactionManagementConfiguration$$EnhancerBySpringCGLIB$$10be45d9] is not eligible for getting processed by all BeanPostProcessors (for example: not eligible for auto-proxying)
2018-08-18 10:01:15.162  INFO 20144 --- [main] s.b.c.e.t.TomcatEmbeddedServletContainer : Tomcat initialized with port(s): 8080 (http)
2018-08-18 10:01:15.356  INFO 20144 --- [main] o.apache.catalina.core.StandardService   : Starting service [Tomcat]
2018-08-18 10:01:15.356  INFO 20144 --- [main] org.apache.catalina.core.StandardEngine  : Starting Servlet Engine: Apache Tomcat/8.5.31
2018-08-18 10:01:16.143  INFO 20144 --- [localhost-startStop-1] o.a.c.c.C.[Tomcat].[localhost].[/]       : Initializing Spring embedded WebApplicationContext
2018-08-18 10:01:16.144  INFO 20144 --- [localhost-startStop-1] o.s.web.context.ContextLoader            : Root WebApplicationContext: initialization completed in 11439 ms
2018-08-18 10:01:16.769  INFO 20144 --- [localhost-startStop-1] o.s.b.w.servlet.ServletRegistrationBean  : Mapping servlet: 'dispatcherServlet' to [/]
2018-08-18 10:01:16.867  INFO 20144 --- [localhost-startStop-1] o.s.b.w.servlet.FilterRegistrationBean   : Mapping filter: 'characterEncodingFilter' to: [/*]
2018-08-18 10:01:16.868  INFO 20144 --- [localhost-startStop-1] o.s.b.w.servlet.FilterRegistrationBean   : Mapping filter: 'hiddenHttpMethodFilter' to: [/*]
2018-08-18 10:01:16.869  INFO 20144 --- [localhost-startStop-1] o.s.b.w.servlet.FilterRegistrationBean   : Mapping filter: 'httpPutFormContentFilter' to: [/*]
2018-08-18 10:01:16.869  INFO 20144 --- [localhost-startStop-1] o.s.b.w.servlet.FilterRegistrationBean   : Mapping filter: 'requestContextFilter' to: [/*]
2018-08-18 10:01:19.460  INFO 20144 --- [main] j.LocalContainerEntityManagerFactoryBean : Building JPA container EntityManagerFactory for persistence unit 'default'
2018-08-18 10:01:19.521  INFO 20144 --- [main] o.hibernate.jpa.internal.util.LogHelper  : HHH000204: Processing PersistenceUnitInfo [
	name: default
	...]
2018-08-18 10:01:20.268  INFO 20144 --- [main] org.hibernate.Version                    : HHH000412: Hibernate Core {5.0.12.Final}
2018-08-18 10:01:20.271  INFO 20144 --- [main] org.hibernate.cfg.Environment            : HHH000206: hibernate.properties not found
2018-08-18 10:01:20.288  INFO 20144 --- [main] org.hibernate.cfg.Environment            : HHH000021: Bytecode provider name : javassist
2018-08-18 10:01:20.659  INFO 20144 --- [main] o.hibernate.annotations.common.Version   : HCANN000001: Hibernate Commons Annotations {5.0.1.Final}
2018-08-18 10:01:21.575  INFO 20144 --- [main] org.hibernate.dialect.Dialect            : HHH000400: Using dialect: org.hibernate.dialect.MySQL5Dialect
2018-08-18 10:01:24.075  INFO 20144 --- [main] org.hibernate.tool.hbm2ddl.SchemaUpdate  : HHH000228: Running hbm2ddl schema update
2018-08-18 10:01:24.531  INFO 20144 --- [main] j.LocalContainerEntityManagerFactoryBean : Initialized JPA EntityManagerFactory for persistence unit 'default'
2018-08-18 10:01:27.267  INFO 20144 --- [main] s.w.s.m.m.a.RequestMappingHandlerAdapter : Looking for @ControllerAdvice: org.springframework.boot.context.embedded.AnnotationConfigEmbeddedWebApplicationContext@2dd29a59: startup date [Sat Aug 18 10:01:04 CST 2018]; root of context hierarchy
2018-08-18 10:01:27.483  INFO 20144 --- [main] s.w.s.m.m.a.RequestMappingHandlerMapping : Mapped "{[/girls],methods=[GET]}" onto public java.util.List<com.cier.girl.pojo.Girl> com.cier.girl.controller.GirlController.getGirlList()
2018-08-18 10:01:27.488  INFO 20144 --- [main] s.w.s.m.m.a.RequestMappingHandlerMapping : Mapped "{[/girls],methods=[POST]}" onto public com.cier.girl.pojo.Result<com.cier.girl.pojo.Girl> com.cier.girl.controller.GirlController.girlAdd(com.cier.girl.pojo.Girl,org.springframework.validation.BindingResult)
2018-08-18 10:01:27.491  INFO 20144 --- [main] s.w.s.m.m.a.RequestMappingHandlerMapping : Mapped "{[/girls/{id}],methods=[GET]}" onto public com.cier.girl.pojo.Girl com.cier.girl.controller.GirlController.findGirl(java.lang.Integer)
2018-08-18 10:01:27.493  INFO 20144 --- [main] s.w.s.m.m.a.RequestMappingHandlerMapping : Mapped "{[/girls/{id}],methods=[PUT]}" onto public com.cier.girl.pojo.Girl com.cier.girl.controller.GirlController.updateGirl(java.lang.Integer,java.lang.String,java.lang.Integer)
2018-08-18 10:01:27.493  INFO 20144 --- [main] s.w.s.m.m.a.RequestMappingHandlerMapping : Mapped "{[/girls/{id}],methods=[DELETE]}" onto public void com.cier.girl.controller.GirlController.deleteGirl(java.lang.Integer)
2018-08-18 10:01:27.494  INFO 20144 --- [main] s.w.s.m.m.a.RequestMappingHandlerMapping : Mapped "{[/girls/age/{age}],methods=[GET]}" onto public java.util.List<com.cier.girl.pojo.Girl> com.cier.girl.controller.GirlController.findGirlByAge(java.lang.Integer)
2018-08-18 10:01:27.494  INFO 20144 --- [main] s.w.s.m.m.a.RequestMappingHandlerMapping : Mapped "{[/girls/two],methods=[POST]}" onto public void com.cier.girl.controller.GirlController.insertTwo()
2018-08-18 10:01:27.495  INFO 20144 --- [main] s.w.s.m.m.a.RequestMappingHandlerMapping : Mapped "{[/girls/get_age/{id}],methods=[GET]}" onto public void com.cier.girl.controller.GirlController.getAge(java.lang.Integer) throws java.lang.Exception
2018-08-18 10:01:27.496  INFO 20144 --- [main] s.w.s.m.m.a.RequestMappingHandlerMapping : Mapped "{[/{id}/say],methods=[GET]}" onto public java.lang.String com.cier.girl.controller.HelloController.sayHello(java.lang.Integer)
2018-08-18 10:01:27.497  INFO 20144 --- [main] s.w.s.m.m.a.RequestMappingHandlerMapping : Mapped "{[/hello],methods=[GET]}" onto public java.lang.String com.cier.girl.controller.HelloController.say(org.springframework.ui.ModelMap)
2018-08-18 10:01:27.497  INFO 20144 --- [main] s.w.s.m.m.a.RequestMappingHandlerMapping : Mapped "{[/say1],methods=[GET]}" onto public java.lang.String com.cier.girl.controller.HelloController.sayValue1(java.lang.Integer)
2018-08-18 10:01:27.497  INFO 20144 --- [main] s.w.s.m.m.a.RequestMappingHandlerMapping : Mapped "{[/say2],methods=[GET]}" onto public java.lang.String com.cier.girl.controller.HelloController.sayValue2(java.lang.Integer)
2018-08-18 10:01:27.498  INFO 20144 --- [main] s.w.s.m.m.a.RequestMappingHandlerMapping : Mapped "{[/say3],methods=[GET]}" onto public java.lang.String com.cier.girl.controller.HelloController.sayValue3(java.lang.Integer)
2018-08-18 10:01:27.499  INFO 20144 --- [main] s.w.s.m.m.a.RequestMappingHandlerMapping : Mapped "{[/in]}" onto public java.lang.String com.cier.girl.controller.ViewController.index()
2018-08-18 10:01:27.502  INFO 20144 --- [main] s.w.s.m.m.a.RequestMappingHandlerMapping : Mapped "{[/error]}" onto public org.springframework.http.ResponseEntity<java.util.Map<java.lang.String, java.lang.Object>> org.springframework.boot.autoconfigure.web.BasicErrorController.error(javax.servlet.http.HttpServletRequest)
2018-08-18 10:01:27.503  INFO 20144 --- [main] s.w.s.m.m.a.RequestMappingHandlerMapping : Mapped "{[/error],produces=[text/html]}" onto public org.springframework.web.servlet.ModelAndView org.springframework.boot.autoconfigure.web.BasicErrorController.errorHtml(javax.servlet.http.HttpServletRequest,javax.servlet.http.HttpServletResponse)
2018-08-18 10:01:27.560  INFO 20144 --- [main] o.s.w.s.handler.SimpleUrlHandlerMapping  : Mapped URL path [/webjars/**] onto handler of type [class org.springframework.web.servlet.resource.ResourceHttpRequestHandler]
2018-08-18 10:01:27.560  INFO 20144 --- [main] o.s.w.s.handler.SimpleUrlHandlerMapping  : Mapped URL path [/**] onto handler of type [class org.springframework.web.servlet.resource.ResourceHttpRequestHandler]
2018-08-18 10:01:27.596  INFO 20144 --- [main] .m.m.a.ExceptionHandlerExceptionResolver : Detected @ExceptionHandler methods in exceptionHandle
2018-08-18 10:01:27.646  INFO 20144 --- [main] o.s.w.s.handler.SimpleUrlHandlerMapping  : Mapped URL path [/**/favicon.ico] onto handler of type [class org.springframework.web.servlet.resource.ResourceHttpRequestHandler]
2018-08-18 10:01:28.717  INFO 20144 --- [main] o.s.b.d.a.OptionalLiveReloadServer       : LiveReload server is running on port 35729
2018-08-18 10:01:28.803  INFO 20144 --- [main] o.s.j.e.a.AnnotationMBeanExporter        : Registering beans for JMX exposure on startup
2018-08-18 10:01:28.945  INFO 20144 --- [main] s.b.c.e.t.TomcatEmbeddedServletContainer : Tomcat started on port(s): 8080 (http)
2018-08-18 10:01:28.965  INFO 20144 --- [main] com.cier.girl.GirlApplication            : Started GirlApplication in 29.337 seconds (JVM running for 37.193)
2018-08-18 10:33:16.351  INFO 20144 --- [http-nio-8080-exec-1] o.a.c.c.C.[Tomcat].[localhost].[/]       : Initializing Spring FrameworkServlet 'dispatcherServlet'
2018-08-18 10:33:16.351  INFO 20144 --- [http-nio-8080-exec-1] o.s.web.servlet.DispatcherServlet        : FrameworkServlet 'dispatcherServlet': initialization started
2018-08-18 10:33:16.394  INFO 20144 --- [http-nio-8080-exec-1] o.s.web.servlet.DispatcherServlet        : FrameworkServlet 'dispatcherServlet': initialization completed in 43 ms
2018-08-18 10:41:25.293  INFO 20144 --- [http-nio-8080-exec-7] o.s.w.s.handler.SimpleUrlHandlerMapping  : Mapped URL path [/**/favicon.ico] onto handler of type [class org.springframework.web.servlet.resource.ResourceHttpRequestHandler]
2018-08-18 10:41:25.308  INFO 20144 --- [http-nio-8080-exec-7] s.w.s.m.m.a.RequestMappingHandlerMapping : Mapped "{[/girls],methods=[GET]}" onto public java.util.List<com.cier.girl.pojo.Girl> com.cier.girl.controller.GirlController.getGirlList()
2018-08-18 10:41:25.311  INFO 20144 --- [http-nio-8080-exec-7] s.w.s.m.m.a.RequestMappingHandlerMapping : Mapped "{[/girls],methods=[POST]}" onto public com.cier.girl.pojo.Result<com.cier.girl.pojo.Girl> com.cier.girl.controller.GirlController.girlAdd(com.cier.girl.pojo.Girl,org.springframework.validation.BindingResult)
2018-08-18 10:41:25.313  INFO 20144 --- [http-nio-8080-exec-7] s.w.s.m.m.a.RequestMappingHandlerMapping : Mapped "{[/girls/{id}],methods=[GET]}" onto public com.cier.girl.pojo.Girl com.cier.girl.controller.GirlController.findGirl(java.lang.Integer)
2018-08-18 10:41:25.314  INFO 20144 --- [http-nio-8080-exec-7] s.w.s.m.m.a.RequestMappingHandlerMapping : Mapped "{[/girls/{id}],methods=[PUT]}" onto public com.cier.girl.pojo.Girl com.cier.girl.controller.GirlController.updateGirl(java.lang.Integer,java.lang.String,java.lang.Integer)
2018-08-18 10:41:25.315  INFO 20144 --- [http-nio-8080-exec-7] s.w.s.m.m.a.RequestMappingHandlerMapping : Mapped "{[/girls/{id}],methods=[DELETE]}" onto public void com.cier.girl.controller.GirlController.deleteGirl(java.lang.Integer)
2018-08-18 10:41:25.316  INFO 20144 --- [http-nio-8080-exec-7] s.w.s.m.m.a.RequestMappingHandlerMapping : Mapped "{[/girls/age/{age}],methods=[GET]}" onto public java.util.List<com.cier.girl.pojo.Girl> com.cier.girl.controller.GirlController.findGirlByAge(java.lang.Integer)
2018-08-18 10:41:25.318  INFO 20144 --- [http-nio-8080-exec-7] s.w.s.m.m.a.RequestMappingHandlerMapping : Mapped "{[/girls/two],methods=[POST]}" onto public void com.cier.girl.controller.GirlController.insertTwo()
2018-08-18 10:41:25.319  INFO 20144 --- [http-nio-8080-exec-7] s.w.s.m.m.a.RequestMappingHandlerMapping : Mapped "{[/girls/get_age/{id}],methods=[GET]}" onto public void com.cier.girl.controller.GirlController.getAge(java.lang.Integer) throws java.lang.Exception
2018-08-18 10:41:25.322  INFO 20144 --- [http-nio-8080-exec-7] s.w.s.m.m.a.RequestMappingHandlerMapping : Mapped "{[/{id}/say],methods=[GET]}" onto public java.lang.String com.cier.girl.controller.HelloController.sayHello(java.lang.Integer)
2018-08-18 10:41:25.324  INFO 20144 --- [http-nio-8080-exec-7] s.w.s.m.m.a.RequestMappingHandlerMapping : Mapped "{[/hello],methods=[GET]}" onto public java.lang.String com.cier.girl.controller.HelloController.say(org.springframework.ui.ModelMap)
2018-08-18 10:41:25.325  INFO 20144 --- [http-nio-8080-exec-7] s.w.s.m.m.a.RequestMappingHandlerMapping : Mapped "{[/say1],methods=[GET]}" onto public java.lang.String com.cier.girl.controller.HelloController.sayValue1(java.lang.Integer)
2018-08-18 10:41:25.327  INFO 20144 --- [http-nio-8080-exec-7] s.w.s.m.m.a.RequestMappingHandlerMapping : Mapped "{[/say2],methods=[GET]}" onto public java.lang.String com.cier.girl.controller.HelloController.sayValue2(java.lang.Integer)
2018-08-18 10:41:25.329  INFO 20144 --- [http-nio-8080-exec-7] s.w.s.m.m.a.RequestMappingHandlerMapping : Mapped "{[/say3],methods=[GET]}" onto public java.lang.String com.cier.girl.controller.HelloController.sayValue3(java.lang.Integer)
2018-08-18 10:41:25.330  INFO 20144 --- [http-nio-8080-exec-7] s.w.s.m.m.a.RequestMappingHandlerMapping : Mapped "{[/in]}" onto public java.lang.String com.cier.girl.controller.ViewController.index()
2018-08-18 10:41:25.339  INFO 20144 --- [http-nio-8080-exec-7] s.w.s.m.m.a.RequestMappingHandlerMapping : Mapped "{[/error]}" onto public org.springframework.http.ResponseEntity<java.util.Map<java.lang.String, java.lang.Object>> org.springframework.boot.autoconfigure.web.BasicErrorController.error(javax.servlet.http.HttpServletRequest)
2018-08-18 10:41:25.341  INFO 20144 --- [http-nio-8080-exec-7] s.w.s.m.m.a.RequestMappingHandlerMapping : Mapped "{[/error],produces=[text/html]}" onto public org.springframework.web.servlet.ModelAndView org.springframework.boot.autoconfigure.web.BasicErrorController.errorHtml(javax.servlet.http.HttpServletRequest,javax.servlet.http.HttpServletResponse)
2018-08-18 10:41:25.355  INFO 20144 --- [http-nio-8080-exec-7] s.w.s.m.m.a.RequestMappingHandlerMapping : Mapped "{[/hello]}" onto public com.cier.girl.pojo.User com.cier.girl.controller.UserController.hello()
